<?xml version="1.0" encoding="UTF-8"?>
<!-- Generated by org.testng.reporters.JUnitReportReporter -->
<testsuite hostname="LIN80024684" failures="0" tests="4" name="utils.ExcelDataProvider" time="9.405" errors="0" timestamp="2021-07-13T16:59:36 IST" skipped="0">
  <testcase classname="utils.ExcelDataProvider" name="test1" time="2.288"/>
  <system-out/>
  <testcase classname="utils.ExcelDataProvider" name="test1" time="2.676"/>
  <system-out/>
  <testcase classname="utils.ExcelDataProvider" name="test1" time="2.212"/>
  <system-out/>
  <testcase classname="utils.ExcelDataProvider" name="test1" time="2.229"/>
  <system-out/>
</testsuite> <!-- utils.ExcelDataProvider -->
